hp-check[16503]: info: :
hp-check[16503]: info: :[01mHP Linux Imaging and Printing System (ver. 3.20.3)[0m
hp-check[16503]: info: :[01mDependency/Version Check Utility ver. 15.1[0m
hp-check[16503]: info: :
hp-check[16503]: info: :Copyright (c) 2001-18 HP Development Company, LP
hp-check[16503]: info: :This software comes with ABSOLUTELY NO WARRANTY.
hp-check[16503]: info: :This is free software, and you are welcome to distribute it
hp-check[16503]: info: :under certain conditions. See COPYING file for more details.
hp-check[16503]: info: :
hp-check[16503]: info: :[01mNote: hp-check can be run in three modes:[0m
hp-check[16503]: info: :1. Compile-time check mode (-c or --compile): Use this mode before compiling the HPLIP supplied tarball (.tar.gz or .run) to determine if the proper dependencies are installed to successfully
hp-check[16503]: info: :compile HPLIP.                                                                                                                                                                                 
hp-check[16503]: info: :2. Run-time check mode (-r or --run): Use this mode to determine if a distro supplied package (.deb, .rpm, etc) or an already built HPLIP supplied tarball has the proper dependencies         
hp-check[16503]: info: :installed to successfully run.                                                                                                                                                                 
hp-check[16503]: info: :3. Both compile- and run-time check mode (-b or --both) (Default): This mode will check both of the above cases (both compile- and run-time dependencies).                                     
hp-check[16503]: info: :
hp-check[16503]: info: :Check types:                                                                                                                                                                                   
hp-check[16503]: info: :a. EXTERNALDEP - External Dependencies                                                                                                                                                         
hp-check[16503]: info: :b. GENERALDEP - General Dependencies (required both at compile and run time)                                                                                                                   
hp-check[16503]: info: :c. COMPILEDEP - Compile time Dependencies                                                                                                                                                      
hp-check[16503]: info: :d. [All are run-time checks]                                                                                                                                                                   
hp-check[16503]: info: :PYEXT SCANCONF QUEUES PERMISSION                                                                                                                                                               
hp-check[16503]: info: :
hp-check[16503]: info: :Status Types:
hp-check[16503]: info: :    OK
hp-check[16503]: info: :    MISSING       - Missing Dependency or Permission or Plug-in
hp-check[16503]: info: :    INCOMPAT      - Incompatible dependency-version or Plugin-version
hp-check[16503]: info: :
warning: [01mubuntu-20.04 version is not supported. Using ubuntu-19.10 versions dependencies to verify and install...[0m
hp-check[16503]: info: :
hp-check[16503]: info: :---------------
hp-check[16503]: info: :| SYSTEM INFO |
hp-check[16503]: info: :---------------
hp-check[16503]: info: :
hp-check[16503]: info: : Kernel: 5.4.0-58-generic #64-Ubuntu SMP Wed Dec 9 08:16:25 UTC 2020 GNU/Linux
 Host: wuming-MS-7B89
 Proc: 5.4.0-58-generic #64-Ubuntu SMP Wed Dec 9 08:16:25 UTC 2020 GNU/Linux
 Distribution: ubuntu 20.04
hp-check[16503]: info: : Bitness: 64 bit

hp-check[16503]: info: :
hp-check[16503]: info: :-----------------------
hp-check[16503]: info: :| HPLIP CONFIGURATION |
hp-check[16503]: info: :-----------------------
hp-check[16503]: info: :
hp-check[16503]: info: :HPLIP-Version: HPLIP 3.20.3
hp-check[16503]: info: :HPLIP-Home: /usr/share/hplip
warning: HPLIP-Installation: Auto installation is not supported for ubuntu distro  20.04 version 
hp-check[16503]: info: :
hp-check[16503]: info: :[01mCurrent contents of '/etc/hp/hplip.conf' file:[0m
hp-check[16503]: info: :# hplip.conf.  Generated from hplip.conf.in by configure.

[hplip]
version=3.20.3

[dirs]
home=/usr/share/hplip
run=/var/run
ppd=/usr/share/ppd/hplip/HP
ppdbase=/usr/share/ppd/hplip
doc=/usr/share/doc/hplip
html=/usr/share/doc/hplip-doc
icon=no
cupsbackend=/usr/lib/cups/backend
cupsfilter=/usr/lib/cups/filter
drv=/usr/share/cups/drv
bin=/usr/bin
apparmor=/etc/apparmor.d
# Following values are determined at configure time and cannot be changed.
[configure]
network-build=yes
libusb01-build=no
pp-build=no
gui-build=yes
scanner-build=yes
fax-build=yes
dbus-build=yes
cups11-build=no
doc-build=yes
shadow-build=no
hpijs-install=yes
foomatic-drv-install=yes
foomatic-ppd-install=no
foomatic-rip-hplip-install=no
hpcups-install=yes
cups-drv-install=yes
cups-ppd-install=no
internal-tag=3.20.3
restricted-build=no
ui-toolkit=qt5
qt3=no
qt4=no
qt5=yes
policy-kit=yes
lite-build=no
udev_sysfs_rules=no
hpcups-only-build=no
hpijs-only-build=no
apparmor_build=no
class-driver=no

hp-check[16503]: info: :
hp-check[16503]: info: :[01mCurrent contents of '/var/lib/hp/hplip.state' file:[0m
hp-check[16503]: info: :[plugin]
installed = 1
eula = 1
version = 3.20.3


hp-check[16503]: info: :
hp-check[16503]: info: :[01mCurrent contents of '~/.hplip/hplip.conf' file:[0m
hp-check[16503]: info: :[commands]
scan = /usr/bin/simple-scan %SANE_URI%

[fax]
email_address = 
voice_phone = 

[installation]
date_time = 01/06/21 07:38:41
version = 3.20.3

[last_used]
device_uri = "hp:/usb/HP_LaserJet_Professional_P1106?serial=000000000QNBKG53PR1a"
printer_name = Deskjet-D2600
working_dir = .

[polling]
device_list = 
enable = false
interval = 5

[refresh]
enable = true
rate = 30
type = 1

[settings]
systray_messages = 0
systray_visible = 2

[upgrade]
last_upgraded_time = 1604229852
notify_upgrade = false
pending_upgrade_time = 0


hp-check[16503]: info: : <Package-name>        <Package-Desc>      <Required/Optional> <Min-Version> <Installed-Version> <Status>   <Comment>
hp-check[16503]: info: :
hp-check[16503]: info: :-------------------------
hp-check[16503]: info: :| External Dependencies |
hp-check[16503]: info: :-------------------------
hp-check[16503]: info: :
hp-check[16503]: info: :[31;01m error: cups          CUPS - Common Unix Printing System                           REQUIRED        1.1             -               INCOMPAT   'CUPS may not be installed or not running'[0m
hp-check[16503]: info: : gs                   GhostScript - PostScript and PDF language interpreter and previewer REQUIRED        7.05            9.50            OK         -
hp-check[16503]: info: :[31;01m error: xsane         xsane - Graphical scanner frontend for SANE                  OPTIONAL        0.9             -               MISSING    'xsane needs to be installed'[0m
hp-check[16503]: info: : scanimage            scanimage - Shell scanning program                           OPTIONAL        1.0             1.0.29          OK         -
hp-check[16503]: info: :[31;01m error: dbus          DBus - Message bus system                                    REQUIRED        -               1.12.16         MISSING    'DBUS may not be installed or not running'[0m
hp-check[16503]: info: : policykit            PolicyKit - Administrative policy framework                  OPTIONAL        -               0.105           OK         -
hp-check[16503]: info: : network              network -wget                                                OPTIONAL        -               1.20.3          OK         -
hp-check[16503]: info: : avahi-utils          avahi-utils                                                  OPTIONAL        -               0.7             OK         -
hp-check[16503]: info: :
hp-check[16503]: info: :------------------------
hp-check[16503]: info: :| General Dependencies |
hp-check[16503]: info: :------------------------
hp-check[16503]: info: :
hp-check[16503]: info: :[31;01m error: libjpeg       libjpeg - JPEG library                                       REQUIRED        -               -               MISSING    'libjpeg needs to be installed'[0m
hp-check[16503]: info: :[31;01m error: cups-devel    CUPS devel- Common Unix Printing System development files    REQUIRED        -               -               MISSING    'cups-devel needs to be installed'[0m
hp-check[16503]: info: :[31;01m error: cups-image    CUPS image - CUPS image development files                    REQUIRED        -               -               MISSING    'cups-image needs to be installed'[0m
hp-check[16503]: info: : libpthread           libpthread - POSIX threads library                           REQUIRED        -               b'2.31'         OK         -
hp-check[16503]: info: :[31;01m error: libusb        libusb - USB library                                         REQUIRED        -               1.0             MISSING    'libusb needs to be installed'[0m
hp-check[16503]: info: : sane                 SANE - Scanning library                                      REQUIRED        -               -               OK         -
hp-check[16503]: info: :[31;01m error: sane-devel    SANE - Scanning library development files                    REQUIRED        -               -               MISSING    'sane-devel needs to be installed'[0m
hp-check[16503]: info: :[31;01m error: libnetsnmp-devel libnetsnmp-devel - SNMP networking library development files REQUIRED        5.0.9           -               MISSING    'libnetsnmp-devel needs to be installed'[0m
hp-check[16503]: info: : libcrypto            libcrypto - OpenSSL cryptographic library                    REQUIRED        -               1.1.1           OK         -
hp-check[16503]: info: : python3X             Python 2.2 or greater - Python programming language          REQUIRED        2.2             3.8.6           OK         -
hp-check[16503]: info: : python3-notify2      Python libnotify - Python bindings for the libnotify Desktop notifications OPTIONAL        -               -               OK         -
hp-check[16503]: info: :[31;01m error: python3-pyqt4-dbus PyQt 4 DBus - DBus Support for PyQt4                         OPTIONAL        4.0             -               MISSING    'python3-pyqt4-dbus needs to be installed'[0m
hp-check[16503]: info: :[31;01m error: python3-pyqt4 PyQt 4- Qt interface for Python (for Qt version 4.x)         REQUIRED        4.0             -               MISSING    'python3-pyqt4 needs to be installed'[0m
hp-check[16503]: info: : python3-dbus         Python DBus - Python bindings for DBus                       REQUIRED        0.80.0          1.2.16          OK         -
hp-check[16503]: info: : python3-xml          Python XML libraries                                         REQUIRED        -               2.2.9           OK         -
hp-check[16503]: info: :[31;01m error: python3-devel Python devel - Python development files                      REQUIRED        2.2             3.8.6           MISSING    'python3-devel needs to be installed'[0m
hp-check[16503]: info: : python3-pil          PIL - Python Imaging Library (required for commandline scanning with hp-scan) OPTIONAL        -               7.0.0           OK         -
hp-check[16503]: info: : python3-reportlab    Reportlab - PDF library for Python                           OPTIONAL        2.0             3.5.34          OK         -
hp-check[16503]: info: :
hp-check[16503]: info: :--------------
hp-check[16503]: info: :| COMPILEDEP |
hp-check[16503]: info: :--------------
hp-check[16503]: info: :
hp-check[16503]: info: :[31;01m error: libtool       libtool - Library building support services                  REQUIRED        -               -               MISSING    'libtool needs to be installed'[0m
hp-check[16503]: info: : gcc                  gcc - GNU Project C and C++ Compiler                         REQUIRED        -               9.3.0           OK         -
hp-check[16503]: info: : make                 make - GNU make utility to maintain groups of programs       REQUIRED        3.0             4.2.1           OK         -
hp-check[16503]: info: :
hp-check[16503]: info: :---------------------
hp-check[16503]: info: :| Python Extentions |
hp-check[16503]: info: :---------------------
hp-check[16503]: info: :
hp-check[16503]: info: : cupsext              CUPS-Extension                                               REQUIRED        -               3.20.3          OK         -
hp-check[16503]: info: : hpmudext             IO-Extension                                                 REQUIRED        -               3.20.3          OK         -
hp-check[16503]: info: :
hp-check[16503]: info: :----------------------
hp-check[16503]: info: :| Scan Configuration |
hp-check[16503]: info: :----------------------
hp-check[16503]: info: :
hp-check[16503]: info: :'/etc/sane.d/dll.d/hpaio' not found.
hp-check[16503]: info: : hpaio                HPLIP-SANE-Backend                                           REQUIRED        -               3.20.3          OK         'hpaio found in /etc/sane.d/dll.conf'
hp-check[16503]: info: : scanext              Scan-SANE-Extension                                          REQUIRED        -               3.20.3          OK         -
hp-check[16503]: info: :
hp-check[16503]: info: :------------------------------
hp-check[16503]: info: :| DISCOVERED SCANNER DEVICES |
hp-check[16503]: info: :------------------------------
hp-check[16503]: info: :
hp-check[16503]: info: :No Scanner found.
hp-check[16503]: info: :
hp-check[16503]: info: :--------------------------
hp-check[16503]: info: :| DISCOVERED USB DEVICES |
hp-check[16503]: info: :--------------------------
hp-check[16503]: info: :
hp-check[16503]: info: :No devices found.
hp-check[16503]: info: :
hp-check[16503]: info: :---------------------------------
hp-check[16503]: info: :| INSTALLED CUPS PRINTER QUEUES |
hp-check[16503]: info: :---------------------------------
hp-check[16503]: info: :
hp-check[16503]: info: :
warning: No queues found.
hp-check[16503]: info: :
hp-check[16503]: info: :--------------
hp-check[16503]: info: :| PERMISSION |
hp-check[16503]: info: :--------------
hp-check[16503]: info: :
hp-check[16503]: info: :
hp-check[16503]: info: :-----------
hp-check[16503]: info: :| SUMMARY |
hp-check[16503]: info: :-----------
hp-check[16503]: info: :
hp-check[16503]: info: :[01mMissing Required Dependencies[0m
hp-check[16503]: info: :[01m-----------------------------[0m
error: 'libcups2' package is missing/incompatible 
error: 'libdbus-1-dev' package is missing/incompatible 
error: 'libjpeg-dev' package is missing/incompatible 
error: 'libcups2-dev' package is missing/incompatible 
error: 'cups-bsd' package is missing/incompatible 
error: 'cups-client' package is missing/incompatible 
error: 'libcupsimage2-dev' package is missing/incompatible 
error: 'libusb-1.0.0-dev' package is missing/incompatible 
error: 'libusb-0.1-4' package is missing/incompatible 
error: 'libsane-dev' package is missing/incompatible 
error: 'libsnmp-dev' package is missing/incompatible 
error: 'snmp-mibs-downloader' package is missing/incompatible 
error: 'python3-pyqt4' package is missing/incompatible 
error: 'gtk2-engines-pixbuf' package is missing/incompatible 
error: 'python3-dev' package is missing/incompatible 
error: 'libtool' package is missing/incompatible 
error: 'libtool-bin' package is missing/incompatible 
hp-check[16503]: info: :
hp-check[16503]: info: :[01mMissing Optional Dependencies[0m
hp-check[16503]: info: :[01m-----------------------------[0m
error: 'gtk2-engines-pixbuf' package is missing/incompatible 
error: 'xsane' package is missing/incompatible 
error: 'python3-dbus.mainloop.qt' package is missing/incompatible 
hp-check[16503]: info: :
hp-check[16503]: info: :Total Errors: 13
hp-check[16503]: info: :Total Warnings: 0
hp-check[16503]: info: :
hp-check[16503]: info: :
hp-check[16503]: info: :Done.
